Arguments: 
  C:\Program Files\nodejs\node.exe C:\Users\Anuvab\AppData\Roaming\npm\node_modules\yarn\bin\yarn.js add @mui/material @mui/styled-engine-sc styled-components

PATH: 
  C:\WINDOWS\system32;C:\WINDOWS;C:\WINDOWS\System32\Wbem;C:\WINDOWS\System32\WindowsPowerShell\v1.0\;C:\WINDOWS\System32\OpenSSH\;C:\Program Files\Git\cmd;C:\Users\Anuvab\AppData\Local\Programs\Python\Python310\;C:\Users\Anuvab\AppData\Local\Programs\Python\Python310\Scripts\;C:\ProgramData\chocolatey\bin;C:\Program Files\nodejs\;C:\Users\Anuvab\AppData\Local\Programs\Python\Python310\Scripts\;C:\Users\Anuvab\AppData\Local\Programs\Python\Python310\;C:\Users\Anuvab\AppData\Local\Microsoft\WindowsApps;C:\Users\Anuvab\AppData\Local\Programs\Microsoft VS Code\bin;C:\flutter\bin;C:\Program Files\jdk8\bin;C:\Users\Anuvab\AppData\Local\Android\Sdk\platform-tools;C:\Users\Anuvab\AppData\Roaming\npm

Yarn version: 
  1.22.19

Node version: 
  16.14.0

Platform: 
  win32 x64

Trace: 
  Error: EPERM: operation not permitted, unlink 'C:\Users\Anuvab\Desktop\Next project\DemoNextjs\demo-next\node_modules\@next\swc-win32-x64-msvc\next-swc.win32-x64-msvc.node'

npm manifest: 
  {
    "name": "demo-next",
    "version": "0.1.0",
    "private": true,
    "scripts": {
      "dev": "next dev",
      "build": "next build",
      "start": "next start",
      "lint": "next lint"
    },
    "dependencies": {
      "@emotion/react": "^11.10.5",
      "@emotion/styled": "^11.10.5",
      "@mui/icons-material": "^5.10.9",
      "@mui/material": "^5.10.12",
      "next": "13.0.2",
      "react": "18.2.0",
      "react-dom": "18.2.0"
    },
    "devDependencies": {
      "@types/node": "18.11.9",
      "@types/react": "18.0.24",
      "@types/react-dom": "18.0.8",
      "eslint": "8.26.0",
      "eslint-config-next": "13.0.2",
      "typescript": "4.8.4"
    }
  }

yarn manifest: 
  No manifest

Lockfile: 
  No lockfile
